<?xml version="1.0" encoding="UTF-8"?>
<testng-results skipped="0" failed="0" total="2" passed="2">
  <reporter-output>
  </reporter-output>
  <suite name="Default suite" duration-ms="67" started-at="2021-03-11T10:35:56Z" finished-at="2021-03-11T10:35:56Z">
    <groups>
    </groups>
    <test name="Default test" duration-ms="67" started-at="2021-03-11T10:35:56Z" finished-at="2021-03-11T10:35:56Z">
      <class name="com.comcast.contacttest.CreateContactTest">
        <test-method status="PASS" signature="createcontact()[pri:0, instance:com.comcast.contacttest.CreateContactTest@548a9f61]" name="createcontact" duration-ms="16" started-at="2021-03-11T02:35:56Z" finished-at="2021-03-11T02:35:56Z">
          <reporter-output>
          </reporter-output>
        </test-method> <!-- createcontact -->
        <test-method status="PASS" signature="createcontactwithmobile()[pri:0, instance:com.comcast.contacttest.CreateContactTest@548a9f61]" name="createcontactwithmobile" duration-ms="7" started-at="2021-03-11T02:35:56Z" finished-at="2021-03-11T02:35:56Z">
          <reporter-output>
          </reporter-output>
        </test-method> <!-- createcontactwithmobile -->
      </class> <!-- com.comcast.contacttest.CreateContactTest -->
    </test> <!-- Default test -->
  </suite> <!-- Default suite -->
</testng-results>
